<?xml version="1.0" encoding="UTF-8"?>
<testng-results ignored="0" total="0" passed="0" failed="0" skipped="0">
  <reporter-output>
  </reporter-output>
  <suite started-at="2024-04-10T16:20:27 IST" name="Suite" finished-at="2024-04-10T16:20:27 IST" duration-ms="13">
    <groups>
    </groups>
    <test started-at="2024-04-10T16:20:27 IST" name="Cucumber with TestNG Test" finished-at="2024-04-10T16:20:27 IST" duration-ms="13">
    </test> <!-- Cucumber with TestNG Test -->
  </suite> <!-- Suite -->
</testng-results>
